<?xml version="1.0" encoding="UTF-8"?>
<!-- Generated by org.testng.reporters.JUnitReportReporter -->
<testsuite hostname="LAPTOP-JF515C61" failures="0" tests="2" name="pkg_a.Collection" time="11.498" errors="0" timestamp="21 Oct 2019 17:28:14 GMT" skipped="1">
  <testcase classname="pkg_a.Collection" name="launchBrowser" time="11.498"/>
  <testcase classname="pkg_a.Collection" name="fun">
    <skipped/>
  </testcase> <!-- fun -->
</testsuite> <!-- pkg_a.Collection -->
