<?xml version="1.0" encoding="UTF-8"?>
<!-- Generated by org.testng.reporters.JUnitReportReporter -->
<testsuite hostname="LAPTOP-JF515C61" failures="0" tests="2" name="pkg_a.Collection" time="12.236" errors="0" timestamp="2019-10-21T17:38:52 EDT" skipped="1">
  <testcase classname="pkg_a.Collection" name="launchBrowser" time="12.236"/>
  <testcase classname="pkg_a.Collection" name="fun">
    <skipped/>
  </testcase> <!-- fun -->
</testsuite> <!-- pkg_a.Collection -->
